GROUP,PACKAGE,CLASS,INSTRUCTION_MISSED,INSTRUCTION_COVERED,BRANCH_MISSED,BRANCH_COVERED,LINE_MISSED,LINE_COVERED,COMPLEXITY_MISSED,COMPLEXITY_COVERED,METHOD_MISSED,METHOD_COVERED
MediscreenAssessMicroservice,microserviceassess.controllers,PatientHistoryController,87,16,0,0,18,6,2,2,2,2
MediscreenAssessMicroservice,microserviceassess.controllers,PatientController,9,6,0,0,2,3,1,1,1,1
MediscreenAssessMicroservice,microserviceassess,MicroserviceAssessApplication,5,3,0,0,2,1,1,1,1,1
MediscreenAssessMicroservice,microserviceassess.config,FeignConfig,0,5,0,0,0,2,0,2,0,2
MediscreenAssessMicroservice,microserviceassess.services,PatientHistoryService,37,248,21,27,7,48,21,10,0,7
MediscreenAssessMicroservice,microserviceassess.beans,Patient,9,50,0,0,3,22,3,14,3,14
MediscreenAssessMicroservice,microserviceassess.beans,PatientHistory,6,18,0,0,2,8,2,5,2,5
